newApp/build/outputs/logs/manifest-merger-debug-report.txt
-- Merging decision tree log ---
manifest
ADDED from src\main\AndroidManifest.xml:2:1-68:12
	package
		ADDED from src\main\AndroidManifest.xml:3:5-34
		INJECTED from src\main\AndroidManifest.xml
		INJECTED from src\main\AndroidManifest.xml
	android:versionName
		ADDED from src\main\AndroidManifest.xml:5:5-30
		INJECTED from src\main\AndroidManifest.xml
		INJECTED from src\main\AndroidManifest.xml
	android:versionCode
		ADDED from src\main\AndroidManifest.xml:4:5-28
		INJECTED from src\main\AndroidManifest.xml
		INJECTED from src\main\AndroidManifest.xml
	xmlns:android
		ADDED from src\main\AndroidManifest.xml:2:11-69
uses-sdk
ADDED from src\main\AndroidManifest.xml:7:5-9:41
MERGED from [JIYOsNews:multiColumnListView_HUEWU:unspecified] AndroidManifest.xml:7:5-9:41
MERGED from [JIYOsNews:library:unspecified] AndroidManifest.xml:7:5-9:40
MERGED from [JIYOsNews:PagerSlidingTabStrip:unspecified] AndroidManifest.xml:5:5-7:41
MERGED from [com.mostafagazar:customshapeimageview:1.0.4] AndroidManifest.xml:7:5-9:41
MERGED from [com.android.support:appcompat-v7:23.1.0] AndroidManifest.xml:20:5-43
MERGED from [com.android.support.constraint:constraint-layout:1.0.0-beta4] AndroidManifest.xml:5:5-7:41
MERGED from [com.google.android.gms:play-services-auth:10.2.4] AndroidManifest.xml:17:5-43
MERGED from [com.google.android.gms:play-services-auth-base:10.2.4] AndroidManifest.xml:4:5-43
MERGED from [com.google.android.gms:play-services-base:10.2.4] AndroidManifest.xml:17:5-43
MERGED from [com.google.android.gms:play-services-tasks:10.2.4] AndroidManifest.xml:3:5-43
MERGED from [com.google.android.gms:play-services-basement:10.2.4] AndroidManifest.xml:17:5-43
MERGED from [com.android.support:support-v4:24.0.0] AndroidManifest.xml:21:5-23:54
	tools:overrideLibrary
		ADDED from [com.android.support:support-v4:24.0.0] AndroidManifest.xml:23:9-51
	android:targetSdkVersion
		ADDED from src\main\AndroidManifest.xml:9:9-38
		INJECTED from src\main\AndroidManifest.xml
		INJECTED from src\main\AndroidManifest.xml
	android:minSdkVersion
		ADDED from src\main\AndroidManifest.xml:8:9-35
		INJECTED from src\main\AndroidManifest.xml
		INJECTED from src\main\AndroidManifest.xml
uses-permission#android.permission.INTERNET
ADDED from src\main\AndroidManifest.xml:11:5-67
	android:name
		ADDED from src\main\AndroidManifest.xml:11:22-64
uses-permission#android.permission.WRITE_EXTERNAL_STORAGE
ADDED from src\main\AndroidManifest.xml:12:5-81
	android:name
		ADDED from src\main\AndroidManifest.xml:12:22-78
uses-permission#android.permission.READ_EXTERNAL_STORAGE
ADDED from src\main\AndroidManifest.xml:13:5-80
	android:name
		ADDED from src\main\AndroidManifest.xml:13:22-77
uses-permission#android.permission.MOUNT_UNMOUNT_FILESYSTEMS
ADDED from src\main\AndroidManifest.xml:14:5-84
	android:name
		ADDED from src\main\AndroidManifest.xml:14:22-81
uses-permission#android.permission.READ_PHONE_STATE
ADDED from src\main\AndroidManifest.xml:16:5-75
	android:name
		ADDED from src\main\AndroidManifest.xml:16:22-72
application
ADDED from src\main\AndroidManifest.xml:18:5-66:19
MERGED from [JIYOsNews:multiColumnListView_HUEWU:unspecified] AndroidManifest.xml:11:5-18:19
MERGED from [JIYOsNews:library:unspecified] AndroidManifest.xml:11:5-20
MERGED from [JIYOsNews:PagerSlidingTabStrip:unspecified] AndroidManifest.xml:9:5-20
MERGED from [com.mostafagazar:customshapeimageview:1.0.4] AndroidManifest.xml:11:5-20
MERGED from [com.android.support:appcompat-v7:23.1.0] AndroidManifest.xml:22:5-20
MERGED from [com.android.support.constraint:constraint-layout:1.0.0-beta4] AndroidManifest.xml:9:5-20
MERGED from [com.google.android.gms:play-services-auth:10.2.4] AndroidManifest.xml:19:5-25:19
MERGED from [com.google.android.gms:play-services-base:10.2.4] AndroidManifest.xml:18:5-20:19
MERGED from [com.google.android.gms:play-services-tasks:10.2.4] AndroidManifest.xml:4:5-19
MERGED from [com.google.android.gms:play-services-basement:10.2.4] AndroidManifest.xml:19:5-21:19
MERGED from [com.android.support:support-v4:24.0.0] AndroidManifest.xml:25:5-20
	android:label
		ADDED from src\main\AndroidManifest.xml:22:9-41
	android:allowBackup
		ADDED from src\main\AndroidManifest.xml:20:9-35
	android:icon
		ADDED from src\main\AndroidManifest.xml:21:9-45
	android:theme
		ADDED from src\main\AndroidManifest.xml:23:9-40
	android:name
		ADDED from src\main\AndroidManifest.xml:19:9-59
activity#com.example.newsapp.activity.MainActivity
ADDED from src\main\AndroidManifest.xml:24:9-87
	android:name
		ADDED from src\main\AndroidManifest.xml:24:19-75
activity#com.example.newsapp.activity.GuideActivity
ADDED from src\main\AndroidManifest.xml:25:9-27:69
	android:label
		ADDED from src\main\AndroidManifest.xml:27:13-57
	android:name
		ADDED from src\main\AndroidManifest.xml:26:13-70
activity#com.example.newsapp.activity.WelcomeActivity
ADDED from src\main\AndroidManifest.xml:28:9-34:20
	android:name
		ADDED from src\main\AndroidManifest.xml:28:19-78
intent-filter#android.intent.action.MAIN+android.intent.category.LAUNCHER
ADDED from src\main\AndroidManifest.xml:29:13-33:29
action#android.intent.action.MAIN
ADDED from src\main\AndroidManifest.xml:30:17-69
	android:name
		ADDED from src\main\AndroidManifest.xml:30:25-66
category#android.intent.category.LAUNCHER
ADDED from src\main\AndroidManifest.xml:32:17-77
	android:name
		ADDED from src\main\AndroidManifest.xml:32:27-74
activity#com.example.newsapp.activity.NewsContentctivity
ADDED from src\main\AndroidManifest.xml:35:9-38:67
	android:label
		ADDED from src\main\AndroidManifest.xml:37:13-68
	android:windowSoftInputMode
		ADDED from src\main\AndroidManifest.xml:38:13-55
	android:name
		ADDED from src\main\AndroidManifest.xml:36:13-75
activity#com.example.newsapp.activity.CommentDetailsActivity
ADDED from src\main\AndroidManifest.xml:39:9-42:67
	android:label
		ADDED from src\main\AndroidManifest.xml:41:13-67
	android:windowSoftInputMode
		ADDED from src\main\AndroidManifest.xml:42:13-55
	android:name
		ADDED from src\main\AndroidManifest.xml:40:13-79
activity#com.example.newsapp.activity.LoginngActivity
ADDED from src\main\AndroidManifest.xml:43:9-45:71
	android:label
		ADDED from src\main\AndroidManifest.xml:45:13-59
	android:name
		ADDED from src\main\AndroidManifest.xml:44:13-72
activity#com.example.newsapp.activity.RegisterActivity
ADDED from src\main\AndroidManifest.xml:46:9-48:72
	android:label
		ADDED from src\main\AndroidManifest.xml:48:13-60
	android:name
		ADDED from src\main\AndroidManifest.xml:47:13-73
activity#com.example.newsapp.activity.SettingActivity
ADDED from src\main\AndroidManifest.xml:49:9-51:71
	android:label
		ADDED from src\main\AndroidManifest.xml:51:13-59
	android:name
		ADDED from src\main\AndroidManifest.xml:50:13-72
activity#com.example.newsapp.activity.PictureDetailActivity
ADDED from src\main\AndroidManifest.xml:52:9-54:78
	android:label
		ADDED from src\main\AndroidManifest.xml:54:13-66
	android:name
		ADDED from src\main\AndroidManifest.xml:53:13-78
activity#com.example.newsapp.activity.MyComments
ADDED from src\main\AndroidManifest.xml:55:9-85
	android:name
		ADDED from src\main\AndroidManifest.xml:55:19-73
meta-data#debug
ADDED from src\main\AndroidManifest.xml:63:9-65:36
	android:value
		ADDED from src\main\AndroidManifest.xml:65:13-33
	android:name
		ADDED from src\main\AndroidManifest.xml:64:13-33
activity#com.huewu.pla.sample.SampleActivity
ADDED from [JIYOsNews:multiColumnListView_HUEWU:unspecified] AndroidManifest.xml:15:9-16:20
	android:name
		ADDED from [JIYOsNews:multiColumnListView_HUEWU:unspecified] AndroidManifest.xml:15:19-69
activity#com.huewu.pla.sample.PullToRefreshSampleActivity
ADDED from [JIYOsNews:multiColumnListView_HUEWU:unspecified] AndroidManifest.xml:17:9-85
	android:name
		ADDED from [JIYOsNews:multiColumnListView_HUEWU:unspecified] AndroidManifest.xml:17:19-82
activity#com.google.android.gms.auth.api.signin.internal.SignInHubActivity
ADDED from [com.google.android.gms:play-services-auth:10.2.4] AndroidManifest.xml:20:9-189
	android:excludeFromRecents
		ADDED from [com.google.android.gms:play-services-auth:10.2.4] AndroidManifest.xml:20:129-162
	android:exported
		ADDED from [com.google.android.gms:play-services-auth:10.2.4] AndroidManifest.xml:20:163-187
	android:theme
		ADDED from [com.google.android.gms:play-services-auth:10.2.4] AndroidManifest.xml:20:69-128
	android:name
		ADDED from [com.google.android.gms:play-services-auth:10.2.4] AndroidManifest.xml:20:19-68
service#com.google.android.gms.auth.api.signin.RevocationBoundService
ADDED from [com.google.android.gms:play-services-auth:10.2.4] AndroidManifest.xml:24:9-184
	android:exported
		ADDED from [com.google.android.gms:play-services-auth:10.2.4] AndroidManifest.xml:24:64-87
	android:permission
		ADDED from [com.google.android.gms:play-services-auth:10.2.4] AndroidManifest.xml:24:88-182
	android:name
		ADDED from [com.google.android.gms:play-services-auth:10.2.4] AndroidManifest.xml:24:18-63
activity#com.google.android.gms.common.api.GoogleApiActivity
ADDED from [com.google.android.gms:play-services-base:10.2.4] AndroidManifest.xml:19:9-172
	android:exported
		ADDED from [com.google.android.gms:play-services-base:10.2.4] AndroidManifest.xml:19:146-170
	android:theme
		ADDED from [com.google.android.gms:play-services-base:10.2.4] AndroidManifest.xml:19:86-145
	android:name
		ADDED from [com.google.android.gms:play-services-base:10.2.4] AndroidManifest.xml:19:19-85
meta-data#com.google.android.gms.version
ADDED from [com.google.android.gms:play-services-basement:10.2.4] AndroidManifest.xml:20:9-121
	android:value
		ADDED from [com.google.android.gms:play-services-basement:10.2.4] AndroidManifest.xml:20:66-119
	android:name
		ADDED from [com.google.android.gms:play-services-basement:10.2.4] AndroidManifest.xml:20:20-65